{
  "uid" : "54ed46f2121c4128",
  "name" : "Check Lucerne Publishing case created by Eric Gruber",
  "fullName" : "Check Lucerne Publishing case created by Eric Gruber",
  "historyId" : "Check Lucerne Publishing case created by Eric Gruber",
  "time" : {
    "start" : 1588866576621,
    "stop" : 1588866579844,
    "duration" : 3223
  },
  "status" : "failed",
  "statusMessage" : "no such element: Unable to locate element: {\"method\":\"xpath\",\"selector\":\"//input[@alt='Close']\"}\n  (Session info: chrome=81.0.4044.129)",
  "statusTrace" : "OpenQA.Selenium.NoSuchElementException: no such element: Unable to locate element: {\"method\":\"xpath\",\"selector\":\"//input[@alt='Close']\"}\n  (Session info: chrome=81.0.4044.129)\r\n   at OpenQA.Selenium.Remote.RemoteWebDriver.UnpackAndThrowOnError(Response errorResponse)\r\n   at OpenQA.Selenium.Remote.RemoteWebDriver.Execute(String driverCommandToExecute, Dictionary`2 parameters)\r\n   at OpenQA.Selenium.Remote.RemoteWebDriver.FindElement(String mechanism, String value)\r\n   at CDAF_Net.PageObjects.DynamicsLandingPage.SelectCustomerAccounts() in C:\\Users\\Testing\\CSharpAgent\\_work\\1\\s\\cdafn-base\\PageObjects\\Dynamics\\DynamicsLandingPage.cs:line 30\r\n   at lambda_method(Closure , IContextManager , String )\r\n   at TechTalk.SpecFlow.Bindings.BindingInvoker.InvokeBinding(IBinding binding, IContextManager contextManager, Object[] arguments, ITestTracer testTracer, TimeSpan& duration) in D:\\a\\1\\s\\TechTalk.SpecFlow\\Bindings\\BindingInvoker.cs:line 69\r\n   at Allure.SpecFlowPlugin.AllureBindingInvoker.InvokeBinding(IBinding binding, IContextManager contextManager, Object[] arguments, ITestTracer testTracer, TimeSpan& duration)\r\n   at TechTalk.SpecFlow.Infrastructure.TestExecutionEngine.ExecuteStepMatch(BindingMatch match, Object[] arguments) in D:\\a\\1\\s\\TechTalk.SpecFlow\\Infrastructure\\TestExecutionEngine.cs:line 517\r\n   at TechTalk.SpecFlow.Infrastructure.TestExecutionEngine.ExecuteStep(IContextManager contextManager, StepInstance stepInstance) in D:\\a\\1\\s\\TechTalk.SpecFlow\\Infrastructure\\TestExecutionEngine.cs:line 422",
  "flaky" : false,
  "newFailed" : false,
  "beforeStages" : [ {
    "name" : "Tags [10000]",
    "time" : {
      "start" : 1588866573995,
      "stop" : 1588866573995,
      "duration" : 0
    },
    "status" : "passed",
    "steps" : [ ],
    "attachments" : [ ],
    "parameters" : [ ],
    "stepsCount" : 0,
    "hasContent" : false,
    "attachmentsCount" : 0,
    "shouldDisplayMessage" : false
  }, {
    "name" : "BeforeScenario [10000]",
    "time" : {
      "start" : 1588866573995,
      "stop" : 1588866576377,
      "duration" : 2382
    },
    "status" : "passed",
    "steps" : [ ],
    "attachments" : [ ],
    "parameters" : [ ],
    "stepsCount" : 0,
    "hasContent" : false,
    "attachmentsCount" : 0,
    "shouldDisplayMessage" : false
  }, {
    "name" : "BeforeFeature [10000]",
    "time" : {
      "start" : 1588866573985,
      "stop" : 1588866573985,
      "duration" : 0
    },
    "status" : "passed",
    "steps" : [ ],
    "attachments" : [ ],
    "parameters" : [ ],
    "stepsCount" : 0,
    "hasContent" : false,
    "attachmentsCount" : 0,
    "shouldDisplayMessage" : false
  } ],
  "testStage" : {
    "status" : "failed",
    "statusMessage" : "no such element: Unable to locate element: {\"method\":\"xpath\",\"selector\":\"//input[@alt='Close']\"}\n  (Session info: chrome=81.0.4044.129)",
    "statusTrace" : "OpenQA.Selenium.NoSuchElementException: no such element: Unable to locate element: {\"method\":\"xpath\",\"selector\":\"//input[@alt='Close']\"}\n  (Session info: chrome=81.0.4044.129)\r\n   at OpenQA.Selenium.Remote.RemoteWebDriver.UnpackAndThrowOnError(Response errorResponse)\r\n   at OpenQA.Selenium.Remote.RemoteWebDriver.Execute(String driverCommandToExecute, Dictionary`2 parameters)\r\n   at OpenQA.Selenium.Remote.RemoteWebDriver.FindElement(String mechanism, String value)\r\n   at CDAF_Net.PageObjects.DynamicsLandingPage.SelectCustomerAccounts() in C:\\Users\\Testing\\CSharpAgent\\_work\\1\\s\\cdafn-base\\PageObjects\\Dynamics\\DynamicsLandingPage.cs:line 30\r\n   at lambda_method(Closure , IContextManager , String )\r\n   at TechTalk.SpecFlow.Bindings.BindingInvoker.InvokeBinding(IBinding binding, IContextManager contextManager, Object[] arguments, ITestTracer testTracer, TimeSpan& duration) in D:\\a\\1\\s\\TechTalk.SpecFlow\\Bindings\\BindingInvoker.cs:line 69\r\n   at Allure.SpecFlowPlugin.AllureBindingInvoker.InvokeBinding(IBinding binding, IContextManager contextManager, Object[] arguments, ITestTracer testTracer, TimeSpan& duration)\r\n   at TechTalk.SpecFlow.Infrastructure.TestExecutionEngine.ExecuteStepMatch(BindingMatch match, Object[] arguments) in D:\\a\\1\\s\\TechTalk.SpecFlow\\Infrastructure\\TestExecutionEngine.cs:line 517\r\n   at TechTalk.SpecFlow.Infrastructure.TestExecutionEngine.ExecuteStep(IContextManager contextManager, StepInstance stepInstance) in D:\\a\\1\\s\\TechTalk.SpecFlow\\Infrastructure\\TestExecutionEngine.cs:line 422",
    "steps" : [ {
      "name" : "Given  Customer support agent is using Acutest0 Dymanics 365 CRM",
      "time" : {
        "start" : 1588866576621,
        "stop" : 1588866579828,
        "duration" : 3207
      },
      "status" : "passed",
      "steps" : [ ],
      "attachments" : [ ],
      "parameters" : [ ],
      "stepsCount" : 0,
      "hasContent" : false,
      "attachmentsCount" : 0,
      "shouldDisplayMessage" : false
    }, {
      "name" : "When  the agent views account \"Lucerne Publishing\"",
      "time" : {
        "start" : 1588866579828,
        "stop" : 1588866579843,
        "duration" : 15
      },
      "status" : "failed",
      "steps" : [ ],
      "attachments" : [ ],
      "parameters" : [ ],
      "stepsCount" : 0,
      "hasContent" : false,
      "attachmentsCount" : 0,
      "shouldDisplayMessage" : false
    }, {
      "name" : "Then  page should show Case created by \"Eric Gruber\"",
      "time" : {
        "start" : 1588866579843,
        "stop" : 1588866579843,
        "duration" : 0
      },
      "status" : "skipped",
      "steps" : [ ],
      "attachments" : [ ],
      "parameters" : [ ],
      "stepsCount" : 0,
      "hasContent" : false,
      "attachmentsCount" : 0,
      "shouldDisplayMessage" : false
    } ],
    "attachments" : [ ],
    "parameters" : [ ],
    "stepsCount" : 3,
    "hasContent" : true,
    "attachmentsCount" : 0,
    "shouldDisplayMessage" : true
  },
  "afterStages" : [ {
    "name" : "AfterScenario [10000]",
    "time" : {
      "start" : 1588866579844,
      "stop" : 1588866580027,
      "duration" : 183
    },
    "status" : "passed",
    "steps" : [ ],
    "attachments" : [ ],
    "parameters" : [ ],
    "stepsCount" : 0,
    "hasContent" : false,
    "attachmentsCount" : 0,
    "shouldDisplayMessage" : false
  } ],
  "labels" : [ {
    "name" : "thread",
    "value" : "NonParallelWorker"
  }, {
    "name" : "host",
    "value" : "TACI-EUD-DP"
  }, {
    "name" : "feature",
    "value" : "Check account details"
  }, {
    "name" : "tag",
    "value" : "CDAFTESTA-1"
  }, {
    "name" : "tag",
    "value" : "pass"
  }, {
    "name" : "severity",
    "value" : "critical"
  }, {
    "name" : "tag",
    "value" : "web"
  }, {
    "name" : "resultFormat",
    "value" : "allure2"
  } ],
  "parameters" : [ ],
  "links" : [ ],
  "hidden" : false,
  "retry" : false,
  "extra" : {
    "severity" : "critical",
    "retries" : [ {
      "uid" : "22edab43ab23424f",
      "status" : "failed",
      "statusDetails" : "no such element: Unable to locate element: {\"method\":\"xpath\",\"selector\":\"//input[@alt='Close']\"}\n  (Session info: chrome=81.0.4044.129)",
      "time" : {
        "start" : 1588866569880,
        "stop" : 1588866573002,
        "duration" : 3122
      }
    }, {
      "uid" : "bf0d5e0864ece73f",
      "status" : "failed",
      "statusDetails" : "no such element: Unable to locate element: {\"method\":\"xpath\",\"selector\":\"//input[@alt='Close']\"}\n  (Session info: chrome=81.0.4044.129)",
      "time" : {
        "start" : 1588860984665,
        "stop" : 1588860987935,
        "duration" : 3270
      }
    }, {
      "uid" : "98115a2d6d697f4",
      "status" : "failed",
      "statusDetails" : "no such element: Unable to locate element: {\"method\":\"xpath\",\"selector\":\"//input[@alt='Close']\"}\n  (Session info: chrome=81.0.4044.129)",
      "time" : {
        "start" : 1588860977957,
        "stop" : 1588860981601,
        "duration" : 3644
      }
    }, {
      "uid" : "15d38756211bdc9e",
      "status" : "failed",
      "statusDetails" : "no such element: Unable to locate element: {\"method\":\"xpath\",\"selector\":\"//input[@alt='Close']\"}\n  (Session info: chrome=81.0.4044.129)",
      "time" : {
        "start" : 1588847962607,
        "stop" : 1588847971545,
        "duration" : 8938
      }
    }, {
      "uid" : "e44476a50aa63e0c",
      "status" : "failed",
      "statusDetails" : "no such element: Unable to locate element: {\"method\":\"xpath\",\"selector\":\"//input[@alt='Close']\"}\n  (Session info: chrome=81.0.4044.129)",
      "time" : {
        "start" : 1588847952503,
        "stop" : 1588847956404,
        "duration" : 3901
      }
    }, {
      "uid" : "e3f20ed299b7d2a",
      "status" : "failed",
      "statusDetails" : "no such element: Unable to locate element: {\"method\":\"xpath\",\"selector\":\"//input[@alt='Close']\"}\n  (Session info: chrome=81.0.4044.129)",
      "time" : {
        "start" : 1588781212141,
        "stop" : 1588781215222,
        "duration" : 3081
      }
    }, {
      "uid" : "d81ee6ad5ced04d2",
      "status" : "failed",
      "statusDetails" : "no such element: Unable to locate element: {\"method\":\"xpath\",\"selector\":\"//input[@alt='Close']\"}\n  (Session info: chrome=81.0.4044.129)",
      "time" : {
        "start" : 1588781204889,
        "stop" : 1588781209392,
        "duration" : 4503
      }
    }, {
      "uid" : "9406f8939948b4ca",
      "status" : "failed",
      "statusDetails" : "no such element: Unable to locate element: {\"method\":\"xpath\",\"selector\":\"//input[@alt='Close']\"}\n  (Session info: chrome=81.0.4044.129)",
      "time" : {
        "start" : 1588781069033,
        "stop" : 1588781073296,
        "duration" : 4263
      }
    }, {
      "uid" : "994a3e8e5642a62e",
      "status" : "failed",
      "statusDetails" : "no such element: Unable to locate element: {\"method\":\"xpath\",\"selector\":\"//input[@alt='Close']\"}\n  (Session info: chrome=81.0.4044.129)",
      "time" : {
        "start" : 1588781062670,
        "stop" : 1588781066283,
        "duration" : 3613
      }
    }, {
      "uid" : "373952cf97c7e0e8",
      "status" : "failed",
      "statusDetails" : "no such element: Unable to locate element: {\"method\":\"xpath\",\"selector\":\"//input[@alt='Close']\"}\n  (Session info: chrome=81.0.4044.129)",
      "time" : {
        "start" : 1588780602304,
        "stop" : 1588780605538,
        "duration" : 3234
      }
    }, {
      "uid" : "69462276114b549d",
      "status" : "failed",
      "statusDetails" : "no such element: Unable to locate element: {\"method\":\"xpath\",\"selector\":\"//input[@alt='Close']\"}\n  (Session info: chrome=81.0.4044.129)",
      "time" : {
        "start" : 1588780596241,
        "stop" : 1588780599634,
        "duration" : 3393
      }
    } ],
    "categories" : [ {
      "name" : "Product defects",
      "matchedStatuses" : [ ],
      "flaky" : false
    } ],
    "tags" : [ "pass", "web", "CDAFTESTA-1" ]
  },
  "source" : "54ed46f2121c4128.json",
  "parameterValues" : [ ]
}