{
  "uid" : "5f58a2a507671131",
  "name" : "Check Lucerne Publishing case created by Eric Gruber",
  "fullName" : "Check Lucerne Publishing case created by Eric Gruber",
  "historyId" : "Check Lucerne Publishing case created by Eric Gruber",
  "time" : {
    "start" : 1588860984665,
    "stop" : 1588860987935,
    "duration" : 3270
  },
  "status" : "failed",
  "statusMessage" : "no such element: Unable to locate element: {\"method\":\"xpath\",\"selector\":\"//input[@alt='Close']\"}\n  (Session info: chrome=81.0.4044.129)",
  "statusTrace" : "OpenQA.Selenium.NoSuchElementException: no such element: Unable to locate element: {\"method\":\"xpath\",\"selector\":\"//input[@alt='Close']\"}\n  (Session info: chrome=81.0.4044.129)\r\n   at OpenQA.Selenium.Remote.RemoteWebDriver.UnpackAndThrowOnError(Response errorResponse)\r\n   at OpenQA.Selenium.Remote.RemoteWebDriver.Execute(String driverCommandToExecute, Dictionary`2 parameters)\r\n   at OpenQA.Selenium.Remote.RemoteWebDriver.FindElement(String mechanism, String value)\r\n   at CDAF_Net.PageObjects.DynamicsLandingPage.SelectCustomerAccounts() in C:\\Users\\Testing\\CSharpAgent\\_work\\1\\s\\cdafn-base\\PageObjects\\Dynamics\\DynamicsLandingPage.cs:line 30\r\n   at lambda_method(Closure , IContextManager , String )\r\n   at TechTalk.SpecFlow.Bindings.BindingInvoker.InvokeBinding(IBinding binding, IContextManager contextManager, Object[] arguments, ITestTracer testTracer, TimeSpan& duration) in D:\\a\\1\\s\\TechTalk.SpecFlow\\Bindings\\BindingInvoker.cs:line 69\r\n   at Allure.SpecFlowPlugin.AllureBindingInvoker.InvokeBinding(IBinding binding, IContextManager contextManager, Object[] arguments, ITestTracer testTracer, TimeSpan& duration)\r\n   at TechTalk.SpecFlow.Infrastructure.TestExecutionEngine.ExecuteStepMatch(BindingMatch match, Object[] arguments) in D:\\a\\1\\s\\TechTalk.SpecFlow\\Infrastructure\\TestExecutionEngine.cs:line 517\r\n   at TechTalk.SpecFlow.Infrastructure.TestExecutionEngine.ExecuteStep(IContextManager contextManager, StepInstance stepInstance) in D:\\a\\1\\s\\TechTalk.SpecFlow\\Infrastructure\\TestExecutionEngine.cs:line 422",
  "flaky" : false,
  "newFailed" : false,
  "beforeStages" : [ {
    "name" : "Tags [10000]",
    "time" : {
      "start" : 1588860981865,
      "stop" : 1588860981865,
      "duration" : 0
    },
    "status" : "passed",
    "steps" : [ ],
    "attachments" : [ ],
    "parameters" : [ ],
    "shouldDisplayMessage" : false,
    "attachmentsCount" : 0,
    "hasContent" : false,
    "stepsCount" : 0
  }, {
    "name" : "BeforeScenario [10000]",
    "time" : {
      "start" : 1588860981865,
      "stop" : 1588860984421,
      "duration" : 2556
    },
    "status" : "passed",
    "steps" : [ ],
    "attachments" : [ ],
    "parameters" : [ ],
    "shouldDisplayMessage" : false,
    "attachmentsCount" : 0,
    "hasContent" : false,
    "stepsCount" : 0
  }, {
    "name" : "BeforeFeature [10000]",
    "time" : {
      "start" : 1588860981855,
      "stop" : 1588860981855,
      "duration" : 0
    },
    "status" : "passed",
    "steps" : [ ],
    "attachments" : [ ],
    "parameters" : [ ],
    "shouldDisplayMessage" : false,
    "attachmentsCount" : 0,
    "hasContent" : false,
    "stepsCount" : 0
  } ],
  "testStage" : {
    "status" : "failed",
    "statusMessage" : "no such element: Unable to locate element: {\"method\":\"xpath\",\"selector\":\"//input[@alt='Close']\"}\n  (Session info: chrome=81.0.4044.129)",
    "statusTrace" : "OpenQA.Selenium.NoSuchElementException: no such element: Unable to locate element: {\"method\":\"xpath\",\"selector\":\"//input[@alt='Close']\"}\n  (Session info: chrome=81.0.4044.129)\r\n   at OpenQA.Selenium.Remote.RemoteWebDriver.UnpackAndThrowOnError(Response errorResponse)\r\n   at OpenQA.Selenium.Remote.RemoteWebDriver.Execute(String driverCommandToExecute, Dictionary`2 parameters)\r\n   at OpenQA.Selenium.Remote.RemoteWebDriver.FindElement(String mechanism, String value)\r\n   at CDAF_Net.PageObjects.DynamicsLandingPage.SelectCustomerAccounts() in C:\\Users\\Testing\\CSharpAgent\\_work\\1\\s\\cdafn-base\\PageObjects\\Dynamics\\DynamicsLandingPage.cs:line 30\r\n   at lambda_method(Closure , IContextManager , String )\r\n   at TechTalk.SpecFlow.Bindings.BindingInvoker.InvokeBinding(IBinding binding, IContextManager contextManager, Object[] arguments, ITestTracer testTracer, TimeSpan& duration) in D:\\a\\1\\s\\TechTalk.SpecFlow\\Bindings\\BindingInvoker.cs:line 69\r\n   at Allure.SpecFlowPlugin.AllureBindingInvoker.InvokeBinding(IBinding binding, IContextManager contextManager, Object[] arguments, ITestTracer testTracer, TimeSpan& duration)\r\n   at TechTalk.SpecFlow.Infrastructure.TestExecutionEngine.ExecuteStepMatch(BindingMatch match, Object[] arguments) in D:\\a\\1\\s\\TechTalk.SpecFlow\\Infrastructure\\TestExecutionEngine.cs:line 517\r\n   at TechTalk.SpecFlow.Infrastructure.TestExecutionEngine.ExecuteStep(IContextManager contextManager, StepInstance stepInstance) in D:\\a\\1\\s\\TechTalk.SpecFlow\\Infrastructure\\TestExecutionEngine.cs:line 422",
    "steps" : [ {
      "name" : "Given  Customer support agent is using Acutest0 Dymanics 365 CRM",
      "time" : {
        "start" : 1588860984665,
        "stop" : 1588860987909,
        "duration" : 3244
      },
      "status" : "passed",
      "steps" : [ ],
      "attachments" : [ ],
      "parameters" : [ ],
      "shouldDisplayMessage" : false,
      "attachmentsCount" : 0,
      "hasContent" : false,
      "stepsCount" : 0
    }, {
      "name" : "When  the agent views account \"Lucerne Publishing\"",
      "time" : {
        "start" : 1588860987909,
        "stop" : 1588860987934,
        "duration" : 25
      },
      "status" : "failed",
      "steps" : [ ],
      "attachments" : [ ],
      "parameters" : [ ],
      "shouldDisplayMessage" : false,
      "attachmentsCount" : 0,
      "hasContent" : false,
      "stepsCount" : 0
    }, {
      "name" : "Then  page should show Case created by \"Eric Gruber\"",
      "time" : {
        "start" : 1588860987934,
        "stop" : 1588860987934,
        "duration" : 0
      },
      "status" : "skipped",
      "steps" : [ ],
      "attachments" : [ ],
      "parameters" : [ ],
      "shouldDisplayMessage" : false,
      "attachmentsCount" : 0,
      "hasContent" : false,
      "stepsCount" : 0
    } ],
    "attachments" : [ ],
    "parameters" : [ ],
    "shouldDisplayMessage" : true,
    "attachmentsCount" : 0,
    "hasContent" : true,
    "stepsCount" : 3
  },
  "afterStages" : [ {
    "name" : "AfterScenario [10000]",
    "time" : {
      "start" : 1588860987935,
      "stop" : 1588860989055,
      "duration" : 1120
    },
    "status" : "passed",
    "steps" : [ ],
    "attachments" : [ ],
    "parameters" : [ ],
    "shouldDisplayMessage" : false,
    "attachmentsCount" : 0,
    "hasContent" : false,
    "stepsCount" : 0
  } ],
  "labels" : [ {
    "name" : "thread",
    "value" : "NonParallelWorker"
  }, {
    "name" : "host",
    "value" : "TACI-EUD-DP"
  }, {
    "name" : "feature",
    "value" : "Check account details"
  }, {
    "name" : "tag",
    "value" : "CDAFTESTA-1"
  }, {
    "name" : "tag",
    "value" : "pass"
  }, {
    "name" : "severity",
    "value" : "critical"
  }, {
    "name" : "tag",
    "value" : "web"
  }, {
    "name" : "resultFormat",
    "value" : "allure2"
  } ],
  "parameters" : [ ],
  "links" : [ ],
  "hidden" : false,
  "retry" : false,
  "extra" : {
    "severity" : "critical",
    "retries" : [ {
      "uid" : "d25d22484b0db47e",
      "status" : "failed",
      "statusDetails" : "no such element: Unable to locate element: {\"method\":\"xpath\",\"selector\":\"//input[@alt='Close']\"}\n  (Session info: chrome=81.0.4044.129)",
      "time" : {
        "start" : 1588860977957,
        "stop" : 1588860981601,
        "duration" : 3644
      }
    }, {
      "uid" : "e1b7b78a3ba6ee3",
      "status" : "failed",
      "statusDetails" : "no such element: Unable to locate element: {\"method\":\"xpath\",\"selector\":\"//input[@alt='Close']\"}\n  (Session info: chrome=81.0.4044.129)",
      "time" : {
        "start" : 1588847962607,
        "stop" : 1588847971545,
        "duration" : 8938
      }
    }, {
      "uid" : "dfab545fe7961be6",
      "status" : "failed",
      "statusDetails" : "no such element: Unable to locate element: {\"method\":\"xpath\",\"selector\":\"//input[@alt='Close']\"}\n  (Session info: chrome=81.0.4044.129)",
      "time" : {
        "start" : 1588847952503,
        "stop" : 1588847956404,
        "duration" : 3901
      }
    }, {
      "uid" : "8843ae57085d7bdd",
      "status" : "failed",
      "statusDetails" : "no such element: Unable to locate element: {\"method\":\"xpath\",\"selector\":\"//input[@alt='Close']\"}\n  (Session info: chrome=81.0.4044.129)",
      "time" : {
        "start" : 1588781212141,
        "stop" : 1588781215222,
        "duration" : 3081
      }
    }, {
      "uid" : "c060d6aca47c0a63",
      "status" : "failed",
      "statusDetails" : "no such element: Unable to locate element: {\"method\":\"xpath\",\"selector\":\"//input[@alt='Close']\"}\n  (Session info: chrome=81.0.4044.129)",
      "time" : {
        "start" : 1588781204889,
        "stop" : 1588781209392,
        "duration" : 4503
      }
    }, {
      "uid" : "670d6ce9fbb7bfcf",
      "status" : "failed",
      "statusDetails" : "no such element: Unable to locate element: {\"method\":\"xpath\",\"selector\":\"//input[@alt='Close']\"}\n  (Session info: chrome=81.0.4044.129)",
      "time" : {
        "start" : 1588781069033,
        "stop" : 1588781073296,
        "duration" : 4263
      }
    }, {
      "uid" : "d52566a609688862",
      "status" : "failed",
      "statusDetails" : "no such element: Unable to locate element: {\"method\":\"xpath\",\"selector\":\"//input[@alt='Close']\"}\n  (Session info: chrome=81.0.4044.129)",
      "time" : {
        "start" : 1588781062670,
        "stop" : 1588781066283,
        "duration" : 3613
      }
    }, {
      "uid" : "adb0cb198bd9a301",
      "status" : "failed",
      "statusDetails" : "no such element: Unable to locate element: {\"method\":\"xpath\",\"selector\":\"//input[@alt='Close']\"}\n  (Session info: chrome=81.0.4044.129)",
      "time" : {
        "start" : 1588780602304,
        "stop" : 1588780605538,
        "duration" : 3234
      }
    }, {
      "uid" : "7be8ad238f6658ed",
      "status" : "failed",
      "statusDetails" : "no such element: Unable to locate element: {\"method\":\"xpath\",\"selector\":\"//input[@alt='Close']\"}\n  (Session info: chrome=81.0.4044.129)",
      "time" : {
        "start" : 1588780596241,
        "stop" : 1588780599634,
        "duration" : 3393
      }
    } ],
    "categories" : [ {
      "name" : "Product defects",
      "matchedStatuses" : [ ],
      "flaky" : false
    } ],
    "tags" : [ "pass", "web", "CDAFTESTA-1" ]
  },
  "source" : "5f58a2a507671131.json",
  "parameterValues" : [ ]
}